BelieveApp/matisse/build/intermediates/manifest_merge_blame_file/debug/manifest-merger-blame-debug-report.txt
1<?xml version="1.0" encoding="utf-8"?>
2<!--
3  Copyright 2017 Zhihu Inc.
4
5  Licensed under the Apache License, Version 2.0 (the "License");
6  you may not use this file except in compliance with the License.
7  You may obtain a copy of the License at
8
9  http://www.apache.org/licenses/LICENSE-2.0
10
11  Unless required by applicable law or agreed to in writing, software
12  distributed under the License is distributed on an "AS IS" BASIS,
13  WITHOUT WARRANTIES OR CONDITIONS OF ANY KIND, either express or implied.
14  See the License for the specific language governing permissions and
15  limitations under the License.
16-->
17<manifest xmlns:android="http://schemas.android.com/apk/res/android"
18    package="com.zhihu.matisse" >
19
20    <uses-sdk
21        android:minSdkVersion="14"
21-->src/main/AndroidManifest.xml
22        android:targetSdkVersion="31" />
22-->src/main/AndroidManifest.xml
23
24    <uses-permission android:name="android.permission.WRITE_EXTERNAL_STORAGE" />
24-->src/main/AndroidManifest.xml:21:5-80
24-->src/main/AndroidManifest.xml:21:22-78
25    <uses-permission android:name="android.permission.READ_EXTERNAL_STORAGE" />
25-->src/main/AndroidManifest.xml:22:5-79
25-->src/main/AndroidManifest.xml:22:22-77
26
27    <application>
27-->src/main/AndroidManifest.xml:24:5-28:19
28        <activity android:name="com.zhihu.matisse.ui.MatisseActivity" />
28-->src/main/AndroidManifest.xml:25:9-72
28-->src/main/AndroidManifest.xml:25:19-70
29        <activity android:name="com.zhihu.matisse.internal.ui.AlbumPreviewActivity" />
29-->src/main/AndroidManifest.xml:26:9-86
29-->src/main/AndroidManifest.xml:26:19-84
30        <activity android:name="com.zhihu.matisse.internal.ui.SelectedPreviewActivity" />
30-->src/main/AndroidManifest.xml:27:9-89
30-->src/main/AndroidManifest.xml:27:19-87
31    </application>
32
33</manifest>